Error at file 'sio_basic_32k.asm' line 24: syntax error
Error at file 'sio_basic_32k.asm' line 25: syntax error
Error at file 'sio_basic_32k.asm' line 26: syntax error
Error at file 'sio_basic_32k.asm' line 29: syntax error
Error at file 'sio_basic_32k.asm' line 31: syntax error
Error at file 'sio_basic_32k.asm' line 32: syntax error
Error at file 'sio_basic_32k.asm' line 33: syntax error
Error at file 'sio_basic_32k.asm' line 34: syntax error
Error at file 'sio_basic_32k.asm' line 36: syntax error
Error at file 'sio_basic_32k.asm' line 37: syntax error
Error at file 'sio_basic_32k.asm' line 39: syntax error
Error at file 'sio_basic_32k.asm' line 40: syntax error
Error at file 'sio_basic_32k.asm' line 41: syntax error
Error at file 'sio_basic_32k.asm' line 42: syntax error
Error at file 'sio_basic_32k.asm' line 44: syntax error
Error at file 'sio_basic_32k.asm' line 46: syntax error
Error at file 'sio_basic_32k.asm' line 47: syntax error
Error at file 'sio_basic_32k.asm' line 48: syntax error
Error at file 'sio_basic_32k.asm' line 49: syntax error
Error at file 'sio_basic_32k.asm' line 51: syntax error
Error at file 'sio_basic_32k.asm' line 53: syntax error
Error at file 'sio_basic_32k.asm' line 56: syntax error
Error at file 'sio_basic_32k.asm' line 57: syntax error
Error at file 'sio_basic_32k.asm' line 58: syntax error
Error at file 'sio_basic_32k.asm' line 60: syntax error
Error at file 'sio_basic_32k.asm' line 64: syntax error
Error at file 'sio_basic_32k.asm' line 70: syntax error
Error at file 'sio_basic_32k.asm' line 71: syntax error
Error at file 'sio_basic_32k.asm' line 77: syntax error
Error at file 'sio_basic_32k.asm' line 78: syntax error
Error at file 'sio_basic_32k.asm' line 84: syntax error
Error at file 'sio_basic_32k.asm' line 85: syntax error
Error at file 'sio_basic_32k.asm' line 89: syntax error
Error at file 'sio_basic_32k.asm' line 90: syntax error
Error at file 'sio_basic_32k.asm' line 94: syntax error
Error at file 'sio_basic_32k.asm' line 95: syntax error
Error at file 'sio_basic_32k.asm' line 106: syntax error
Error at file 'sio_basic_32k.asm' line 107: syntax error
Error at file 'sio_basic_32k.asm' line 470: syntax error
Error at file 'sio_basic_32k.asm' line 471: syntax error
Error at file 'sio_basic_32k.asm' line 472: syntax error
Error at file 'sio_basic_32k.asm' line 473: syntax error
Error at file 'sio_basic_32k.asm' line 474: syntax error
Error at file 'sio_basic_32k.asm' line 475: syntax error
Error at file 'sio_basic_32k.asm' line 476: syntax error
Error at file 'sio_basic_32k.asm' line 477: syntax error
Error at file 'sio_basic_32k.asm' line 478: syntax error
Error at file 'sio_basic_32k.asm' line 479: syntax error
Error at file 'sio_basic_32k.asm' line 480: syntax error
Error at file 'sio_basic_32k.asm' line 481: syntax error
Error at file 'sio_basic_32k.asm' line 482: syntax error
Error at file 'sio_basic_32k.asm' line 486: syntax error
Error at file 'sio_basic_32k.asm' line 488: syntax error
Error at file 'sio_basic_32k.asm' line 489: syntax error
Error at file 'sio_basic_32k.asm' line 490: syntax error
Error at file 'sio_basic_32k.asm' line 491: syntax error
Error at file 'sio_basic_32k.asm' line 492: syntax error
Error at file 'sio_basic_32k.asm' line 493: syntax error
Error at file 'sio_basic_32k.asm' line 494: syntax error
Error at file 'sio_basic_32k.asm' line 495: syntax error
Error at file 'sio_basic_32k.asm' line 496: syntax error
Error at file 'sio_basic_32k.asm' line 497: syntax error
Error at file 'sio_basic_32k.asm' line 498: syntax error
Error at file 'sio_basic_32k.asm' line 499: syntax error
Error at file 'sio_basic_32k.asm' line 500: syntax error
Error at file 'sio_basic_32k.asm' line 501: syntax error
Error at file 'sio_basic_32k.asm' line 502: syntax error
Error at file 'sio_basic_32k.asm' line 503: syntax error
Error at file 'sio_basic_32k.asm' line 504: syntax error
Error at file 'sio_basic_32k.asm' line 505: syntax error
Error at file 'sio_basic_32k.asm' line 506: syntax error
Error at file 'sio_basic_32k.asm' line 507: syntax error
Error at file 'sio_basic_32k.asm' line 508: syntax error
Error at file 'sio_basic_32k.asm' line 509: syntax error
Error at file 'sio_basic_32k.asm' line 510: syntax error
Error at file 'sio_basic_32k.asm' line 511: syntax error
Error at file 'sio_basic_32k.asm' line 512: syntax error
Error at file 'sio_basic_32k.asm' line 513: syntax error
Error at file 'sio_basic_32k.asm' line 514: syntax error
Error at file 'sio_basic_32k.asm' line 515: syntax error
Error at file 'sio_basic_32k.asm' line 516: syntax error
Error at file 'sio_basic_32k.asm' line 517: syntax error
Error at file 'sio_basic_32k.asm' line 518: syntax error
Error at file 'sio_basic_32k.asm' line 519: syntax error
Error at file 'sio_basic_32k.asm' line 520: syntax error
Error at file 'sio_basic_32k.asm' line 521: syntax error
Error at file 'sio_basic_32k.asm' line 522: syntax error
Error at file 'sio_basic_32k.asm' line 523: syntax error
Error at file 'sio_basic_32k.asm' line 524: syntax error
Error at file 'sio_basic_32k.asm' line 525: syntax error
Error at file 'sio_basic_32k.asm' line 526: syntax error
Error at file 'sio_basic_32k.asm' line 527: syntax error
Error at file 'sio_basic_32k.asm' line 528: syntax error
Error at file 'sio_basic_32k.asm' line 529: syntax error
Error at file 'sio_basic_32k.asm' line 530: syntax error
Error at file 'sio_basic_32k.asm' line 531: syntax error
Error at file 'sio_basic_32k.asm' line 532: syntax error
Error at file 'sio_basic_32k.asm' line 533: syntax error
Error at file 'sio_basic_32k.asm' line 534: syntax error
Error at file 'sio_basic_32k.asm' line 535: syntax error
Error at file 'sio_basic_32k.asm' line 536: syntax error
Error at file 'sio_basic_32k.asm' line 537: syntax error
Error at file 'sio_basic_32k.asm' line 538: syntax error
Error at file 'sio_basic_32k.asm' line 539: syntax error
Error at file 'sio_basic_32k.asm' line 540: syntax error
Error at file 'sio_basic_32k.asm' line 541: syntax error
Error at file 'sio_basic_32k.asm' line 542: syntax error
Error at file 'sio_basic_32k.asm' line 543: syntax error
Error at file 'sio_basic_32k.asm' line 544: syntax error
Error at file 'sio_basic_32k.asm' line 545: syntax error
Error at file 'sio_basic_32k.asm' line 546: syntax error
Error at file 'sio_basic_32k.asm' line 547: syntax error
Error at file 'sio_basic_32k.asm' line 548: syntax error
Error at file 'sio_basic_32k.asm' line 549: syntax error
Error at file 'sio_basic_32k.asm' line 550: syntax error
Error at file 'sio_basic_32k.asm' line 551: syntax error
Error at file 'sio_basic_32k.asm' line 555: syntax error
Error at file 'sio_basic_32k.asm' line 556: syntax error
Error at file 'sio_basic_32k.asm' line 557: syntax error
Error at file 'sio_basic_32k.asm' line 558: syntax error
Error at file 'sio_basic_32k.asm' line 559: syntax error
Error at file 'sio_basic_32k.asm' line 560: syntax error
Error at file 'sio_basic_32k.asm' line 561: syntax error
Error at file 'sio_basic_32k.asm' line 562: syntax error
Error at file 'sio_basic_32k.asm' line 563: syntax error
Error at file 'sio_basic_32k.asm' line 564: syntax error
Error at file 'sio_basic_32k.asm' line 565: syntax error
Error at file 'sio_basic_32k.asm' line 566: syntax error
Error at file 'sio_basic_32k.asm' line 567: syntax error
Error at file 'sio_basic_32k.asm' line 568: syntax error
Error at file 'sio_basic_32k.asm' line 569: syntax error
Error at file 'sio_basic_32k.asm' line 570: syntax error
Error at file 'sio_basic_32k.asm' line 571: syntax error
Error at file 'sio_basic_32k.asm' line 572: syntax error
Error at file 'sio_basic_32k.asm' line 573: syntax error
Error at file 'sio_basic_32k.asm' line 574: syntax error
Error at file 'sio_basic_32k.asm' line 575: syntax error
Error at file 'sio_basic_32k.asm' line 577: syntax error
Error at file 'sio_basic_32k.asm' line 578: syntax error
Error at file 'sio_basic_32k.asm' line 579: syntax error
Error at file 'sio_basic_32k.asm' line 580: syntax error
Error at file 'sio_basic_32k.asm' line 581: syntax error
Error at file 'sio_basic_32k.asm' line 582: syntax error
Error at file 'sio_basic_32k.asm' line 583: syntax error
Error at file 'sio_basic_32k.asm' line 584: syntax error
Error at file 'sio_basic_32k.asm' line 586: syntax error
Error at file 'sio_basic_32k.asm' line 597: syntax error
Error at file 'sio_basic_32k.asm' line 598: syntax error
Error at file 'sio_basic_32k.asm' line 682: syntax error
Error at file 'sio_basic_32k.asm' line 684: syntax error
Error at file 'sio_basic_32k.asm' line 685: syntax error
Error at file 'sio_basic_32k.asm' line 686: syntax error
Error at file 'sio_basic_32k.asm' line 688: syntax error
Error at file 'sio_basic_32k.asm' line 692: syntax error
Error at file 'sio_basic_32k.asm' line 693: syntax error
Error at file 'sio_basic_32k.asm' line 694: syntax error
Error at file 'sio_basic_32k.asm' line 695: syntax error
Error at file 'sio_basic_32k.asm' line 696: syntax error
Error at file 'sio_basic_32k.asm' line 697: syntax error
Error at file 'sio_basic_32k.asm' line 698: syntax error
Error at file 'sio_basic_32k.asm' line 699: syntax error
Error at file 'sio_basic_32k.asm' line 700: syntax error
Error at file 'sio_basic_32k.asm' line 701: syntax error
Error at file 'sio_basic_32k.asm' line 702: syntax error
Error at file 'sio_basic_32k.asm' line 703: syntax error
Error at file 'sio_basic_32k.asm' line 704: syntax error
Error at file 'sio_basic_32k.asm' line 705: syntax error
Error at file 'sio_basic_32k.asm' line 706: syntax error
Error at file 'sio_basic_32k.asm' line 707: syntax error
Error at file 'sio_basic_32k.asm' line 708: syntax error
Error at file 'sio_basic_32k.asm' line 709: syntax error
Error at file 'sio_basic_32k.asm' line 710: syntax error
Error at file 'sio_basic_32k.asm' line 711: syntax error
Error at file 'sio_basic_32k.asm' line 712: syntax error
Error at file 'sio_basic_32k.asm' line 713: syntax error
Error at file 'sio_basic_32k.asm' line 714: syntax error
Error at file 'sio_basic_32k.asm' line 715: syntax error
Error at file 'sio_basic_32k.asm' line 716: syntax error
Error at file 'sio_basic_32k.asm' line 717: syntax error
Error at file 'sio_basic_32k.asm' line 718: syntax error
Error at file 'sio_basic_32k.asm' line 719: syntax error
Error at file 'sio_basic_32k.asm' line 720: syntax error
Error at file 'sio_basic_32k.asm' line 721: syntax error
Error at file 'sio_basic_32k.asm' line 725: syntax error
Error at file 'sio_basic_32k.asm' line 726: syntax error
Error at file 'sio_basic_32k.asm' line 727: syntax error
Error at file 'sio_basic_32k.asm' line 728: syntax error
Error at file 'sio_basic_32k.asm' line 729: syntax error
Error at file 'sio_basic_32k.asm' line 730: syntax error
Error at file 'sio_basic_32k.asm' line 731: syntax error
Error at file 'sio_basic_32k.asm' line 732: syntax error
Error at file 'sio_basic_32k.asm' line 733: syntax error
Error at file 'sio_basic_32k.asm' line 734: syntax error
Error at file 'sio_basic_32k.asm' line 735: syntax error
Error at file 'sio_basic_32k.asm' line 736: syntax error
Error at file 'sio_basic_32k.asm' line 737: syntax error
Error at file 'sio_basic_32k.asm' line 738: syntax error
Error at file 'sio_basic_32k.asm' line 739: syntax error
Error at file 'sio_basic_32k.asm' line 740: syntax error
Error at file 'sio_basic_32k.asm' line 741: syntax error
Error at file 'sio_basic_32k.asm' line 742: syntax error
Error at file 'sio_basic_32k.asm' line 743: syntax error
Error at file 'sio_basic_32k.asm' line 744: syntax error
Error at file 'sio_basic_32k.asm' line 745: syntax error
Error at file 'sio_basic_32k.asm' line 746: syntax error
Error at file 'sio_basic_32k.asm' line 747: syntax error
Error at file 'sio_basic_32k.asm' line 748: syntax error
Error at file 'sio_basic_32k.asm' line 749: syntax error
Error at file 'sio_basic_32k.asm' line 750: syntax error
Error at file 'sio_basic_32k.asm' line 751: syntax error
Error at file 'sio_basic_32k.asm' line 752: syntax error
Error at file 'sio_basic_32k.asm' line 753: syntax error
Error at file 'sio_basic_32k.asm' line 754: syntax error
Error at file 'sio_basic_32k.asm' line 755: syntax error
Error at file 'sio_basic_32k.asm' line 756: syntax error
Error at file 'sio_basic_32k.asm' line 757: syntax error
Error at file 'sio_basic_32k.asm' line 758: syntax error
Error at file 'sio_basic_32k.asm' line 759: syntax error
Error at file 'sio_basic_32k.asm' line 760: syntax error
Error at file 'sio_basic_32k.asm' line 761: syntax error
Error at file 'sio_basic_32k.asm' line 762: syntax error
Error at file 'sio_basic_32k.asm' line 763: syntax error
Error at file 'sio_basic_32k.asm' line 764: syntax error
Error at file 'sio_basic_32k.asm' line 765: syntax error
Error at file 'sio_basic_32k.asm' line 766: syntax error
Error at file 'sio_basic_32k.asm' line 768: syntax error
Error at file 'sio_basic_32k.asm' line 769: syntax error
Error at file 'sio_basic_32k.asm' line 770: syntax error
Error at file 'sio_basic_32k.asm' line 771: syntax error
Error at file 'sio_basic_32k.asm' line 772: syntax error
Error at file 'sio_basic_32k.asm' line 773: syntax error
Error at file 'sio_basic_32k.asm' line 774: syntax error
Error at file 'sio_basic_32k.asm' line 776: syntax error
Error at file 'sio_basic_32k.asm' line 777: syntax error
Error at file 'sio_basic_32k.asm' line 778: syntax error
Error at file 'sio_basic_32k.asm' line 779: syntax error
Error at file 'sio_basic_32k.asm' line 780: syntax error
Error at file 'sio_basic_32k.asm' line 781: syntax error
Error at file 'sio_basic_32k.asm' line 782: syntax error
Error at file 'sio_basic_32k.asm' line 783: syntax error
Error at file 'sio_basic_32k.asm' line 784: syntax error
Error at file 'sio_basic_32k.asm' line 785: syntax error
Error at file 'sio_basic_32k.asm' line 787: syntax error
Error at file 'sio_basic_32k.asm' line 788: syntax error
Error at file 'sio_basic_32k.asm' line 789: syntax error
Error at file 'sio_basic_32k.asm' line 790: syntax error
Error at file 'sio_basic_32k.asm' line 791: syntax error
Error at file 'sio_basic_32k.asm' line 792: syntax error
Error at file 'sio_basic_32k.asm' line 793: syntax error
Error at file 'sio_basic_32k.asm' line 794: syntax error
Error at file 'sio_basic_32k.asm' line 795: syntax error
Error at file 'sio_basic_32k.asm' line 796: syntax error
Error at file 'sio_basic_32k.asm' line 797: syntax error
Error at file 'sio_basic_32k.asm' line 798: syntax error
Error at file 'sio_basic_32k.asm' line 799: syntax error
Error at file 'sio_basic_32k.asm' line 800: syntax error
Error at file 'sio_basic_32k.asm' line 801: syntax error
Error at file 'sio_basic_32k.asm' line 802: syntax error
Error at file 'sio_basic_32k.asm' line 803: syntax error
Error at file 'sio_basic_32k.asm' line 804: syntax error
Error at file 'sio_basic_32k.asm' line 805: syntax error
Error at file 'sio_basic_32k.asm' line 806: syntax error
Error at file 'sio_basic_32k.asm' line 807: syntax error
Error at file 'sio_basic_32k.asm' line 808: syntax error
Error at file 'sio_basic_32k.asm' line 809: syntax error
Error at file 'sio_basic_32k.asm' line 810: syntax error
Error at file 'sio_basic_32k.asm' line 811: syntax error
Error at file 'sio_basic_32k.asm' line 812: syntax error
Error at file 'sio_basic_32k.asm' line 813: syntax error
Error at file 'sio_basic_32k.asm' line 814: syntax error
Error at file 'sio_basic_32k.asm' line 815: syntax error
Error at file 'sio_basic_32k.asm' line 816: syntax error
Error at file 'sio_basic_32k.asm' line 817: syntax error
Error at file 'sio_basic_32k.asm' line 821: syntax error
Error at file 'sio_basic_32k.asm' line 822: syntax error
Error at file 'sio_basic_32k.asm' line 823: syntax error
Error at file 'sio_basic_32k.asm' line 824: syntax error
Error at file 'sio_basic_32k.asm' line 825: syntax error
Error at file 'sio_basic_32k.asm' line 826: syntax error
Error at file 'sio_basic_32k.asm' line 827: syntax error
Error at file 'sio_basic_32k.asm' line 828: syntax error
Error at file 'sio_basic_32k.asm' line 829: syntax error
Error at file 'sio_basic_32k.asm' line 830: syntax error
Error at file 'sio_basic_32k.asm' line 831: syntax error
Error at file 'sio_basic_32k.asm' line 832: syntax error
Error at file 'sio_basic_32k.asm' line 833: syntax error
Error at file 'sio_basic_32k.asm' line 834: syntax error
Error at file 'sio_basic_32k.asm' line 835: syntax error
Error at file 'sio_basic_32k.asm' line 836: syntax error
Error at file 'sio_basic_32k.asm' line 837: syntax error
Error at file 'sio_basic_32k.asm' line 838: syntax error
Error at file 'sio_basic_32k.asm' line 839: syntax error
Error at file 'sio_basic_32k.asm' line 840: syntax error
Error at file 'sio_basic_32k.asm' line 841: syntax error
Error at file 'sio_basic_32k.asm' line 842: syntax error
Error at file 'sio_basic_32k.asm' line 843: syntax error
Error at file 'sio_basic_32k.asm' line 844: syntax error
Error at file 'sio_basic_32k.asm' line 845: syntax error
Error at file 'sio_basic_32k.asm' line 846: syntax error
Error at file 'sio_basic_32k.asm' line 847: syntax error
Error at file 'sio_basic_32k.asm' line 848: syntax error
Error at file 'sio_basic_32k.asm' line 849: syntax error
Error at file 'sio_basic_32k.asm' line 850: syntax error
Error at file 'sio_basic_32k.asm' line 851: syntax error
Error at file 'sio_basic_32k.asm' line 852: syntax error
Error at file 'sio_basic_32k.asm' line 853: syntax error
Error at file 'sio_basic_32k.asm' line 854: syntax error
Error at file 'sio_basic_32k.asm' line 855: syntax error
Error at file 'sio_basic_32k.asm' line 856: syntax error
Error at file 'sio_basic_32k.asm' line 857: syntax error
Error at file 'sio_basic_32k.asm' line 858: syntax error
Error at file 'sio_basic_32k.asm' line 859: syntax error
Error at file 'sio_basic_32k.asm' line 860: syntax error
Error at file 'sio_basic_32k.asm' line 861: syntax error
Error at file 'sio_basic_32k.asm' line 862: syntax error
Error at file 'sio_basic_32k.asm' line 866: syntax error
Error at file 'sio_basic_32k.asm' line 867: syntax error
Error at file 'sio_basic_32k.asm' line 868: syntax error
Error at file 'sio_basic_32k.asm' line 869: syntax error
Error at file 'sio_basic_32k.asm' line 870: syntax error
Error at file 'sio_basic_32k.asm' line 871: syntax error
Error at file 'sio_basic_32k.asm' line 872: syntax error
Error at file 'sio_basic_32k.asm' line 873: syntax error
Error at file 'sio_basic_32k.asm' line 875: syntax error
Error at file 'sio_basic_32k.asm' line 876: syntax error
Error at file 'sio_basic_32k.asm' line 877: syntax error
Error at file 'sio_basic_32k.asm' line 878: syntax error
Error at file 'sio_basic_32k.asm' line 879: syntax error
Error at file 'sio_basic_32k.asm' line 880: syntax error
Error at file 'sio_basic_32k.asm' line 881: syntax error
Error at file 'sio_basic_32k.asm' line 883: syntax error
Error at file 'sio_basic_32k.asm' line 884: syntax error
Error at file 'sio_basic_32k.asm' line 885: syntax error
Error at file 'sio_basic_32k.asm' line 886: syntax error
Error at file 'sio_basic_32k.asm' line 887: syntax error
Error at file 'sio_basic_32k.asm' line 888: syntax error
Error at file 'sio_basic_32k.asm' line 889: syntax error
Error at file 'sio_basic_32k.asm' line 890: syntax error
Error at file 'sio_basic_32k.asm' line 891: syntax error
Error at file 'sio_basic_32k.asm' line 892: syntax error
Error at file 'sio_basic_32k.asm' line 893: syntax error
Error at file 'sio_basic_32k.asm' line 897: syntax error
Error at file 'sio_basic_32k.asm' line 898: syntax error
Error at file 'sio_basic_32k.asm' line 900: syntax error
Error at file 'sio_basic_32k.asm' line 901: syntax error
Error at file 'sio_basic_32k.asm' line 903: syntax error
Error at file 'sio_basic_32k.asm' line 904: syntax error
Error at file 'sio_basic_32k.asm' line 906: syntax error
Error at file 'sio_basic_32k.asm' line 907: syntax error
Error at file 'sio_basic_32k.asm' line 909: syntax error
Error at file 'sio_basic_32k.asm' line 910: syntax error
Error at file 'sio_basic_32k.asm' line 912: syntax error
Error at file 'sio_basic_32k.asm' line 913: syntax error
Error at file 'sio_basic_32k.asm' line 915: syntax error
Error at file 'sio_basic_32k.asm' line 916: syntax error
Error at file 'sio_basic_32k.asm' line 920: syntax error
Error at file 'sio_basic_32k.asm' line 921: syntax error
Error at file 'sio_basic_32k.asm' line 922: syntax error
Error at file 'sio_basic_32k.asm' line 923: syntax error
Error at file 'sio_basic_32k.asm' line 924: syntax error
Error at file 'sio_basic_32k.asm' line 925: syntax error
Error at file 'sio_basic_32k.asm' line 926: syntax error
Error at file 'sio_basic_32k.asm' line 927: syntax error
Error at file 'sio_basic_32k.asm' line 928: syntax error
Error at file 'sio_basic_32k.asm' line 929: syntax error
Error at file 'sio_basic_32k.asm' line 930: syntax error
Error at file 'sio_basic_32k.asm' line 931: syntax error
Error at file 'sio_basic_32k.asm' line 932: syntax error
Error at file 'sio_basic_32k.asm' line 933: syntax error
Error at file 'sio_basic_32k.asm' line 934: syntax error
Error at file 'sio_basic_32k.asm' line 935: syntax error
Error at file 'sio_basic_32k.asm' line 936: syntax error
Error at file 'sio_basic_32k.asm' line 937: syntax error
Error at file 'sio_basic_32k.asm' line 938: syntax error
Error at file 'sio_basic_32k.asm' line 939: syntax error
Error at file 'sio_basic_32k.asm' line 940: syntax error
Error at file 'sio_basic_32k.asm' line 958: syntax error
Error at file 'sio_basic_32k.asm' line 959: syntax error
Error at file 'sio_basic_32k.asm' line 960: syntax error
Error at file 'sio_basic_32k.asm' line 961: syntax error
Error at file 'sio_basic_32k.asm' line 962: syntax error
Error at file 'sio_basic_32k.asm' line 963: syntax error
Error at file 'sio_basic_32k.asm' line 964: syntax error
Error at file 'sio_basic_32k.asm' line 965: syntax error
Error at file 'sio_basic_32k.asm' line 966: syntax error
Error at file 'sio_basic_32k.asm' line 967: syntax error
Error at file 'sio_basic_32k.asm' line 970: syntax error
Error at file 'sio_basic_32k.asm' line 971: syntax error
Error at file 'sio_basic_32k.asm' line 972: syntax error
Error at file 'sio_basic_32k.asm' line 973: syntax error
Error at file 'sio_basic_32k.asm' line 974: syntax error
Error at file 'sio_basic_32k.asm' line 975: syntax error
Error at file 'sio_basic_32k.asm' line 976: syntax error
Error at file 'sio_basic_32k.asm' line 977: syntax error
Error at file 'sio_basic_32k.asm' line 978: syntax error
Error at file 'sio_basic_32k.asm' line 979: syntax error
Error at file 'sio_basic_32k.asm' line 984: syntax error
Error at file 'sio_basic_32k.asm' line 985: syntax error
Error at file 'sio_basic_32k.asm' line 986: syntax error
Error at file 'sio_basic_32k.asm' line 991: syntax error
Error at file 'sio_basic_32k.asm' line 992: syntax error
Error at file 'sio_basic_32k.asm' line 993: syntax error
Error at file 'sio_basic_32k.asm' line 994: syntax error
Error at file 'sio_basic_32k.asm' line 995: syntax error
Error at file 'sio_basic_32k.asm' line 1039: syntax error
Error at file 'sio_basic_32k.asm' line 1057: syntax error
Error at file 'sio_basic_32k.asm' line 1059: syntax error
Error at file 'sio_basic_32k.asm' line 1061: syntax error
Error at file 'sio_basic_32k.asm' line 1063: syntax error
Error at file 'sio_basic_32k.asm' line 1065: syntax error
Error at file 'sio_basic_32k.asm' line 1067: syntax error
Error at file 'sio_basic_32k.asm' line 1092: syntax error
Error at file 'sio_basic_32k.asm' line 1380: syntax error
Error at file 'sio_basic_32k.asm' line 1627: syntax error
Error at file 'sio_basic_32k.asm' line 1747: syntax error
Error at file 'sio_basic_32k.asm' line 1752: syntax error
Error at file 'sio_basic_32k.asm' line 1755: syntax error
Error at file 'sio_basic_32k.asm' line 1858: syntax error
Error at file 'sio_basic_32k.asm' line 1937: syntax error
Error at file 'sio_basic_32k.asm' line 1940: syntax error
Error at file 'sio_basic_32k.asm' line 1958: syntax error
Error at file 'sio_basic_32k.asm' line 1987: syntax error
Error at file 'sio_basic_32k.asm' line 2010: syntax error
Error at file 'sio_basic_32k.asm' line 2026: syntax error
Error at file 'sio_basic_32k.asm' line 2112: syntax error
Error at file 'sio_basic_32k.asm' line 2132: syntax error
Error at file 'sio_basic_32k.asm' line 2150: syntax error
Error at file 'sio_basic_32k.asm' line 2153: syntax error
Error at file 'sio_basic_32k.asm' line 2169: syntax error
Error at file 'sio_basic_32k.asm' line 2176: syntax error
Error at file 'sio_basic_32k.asm' line 2247: syntax error
Error at file 'sio_basic_32k.asm' line 2312: syntax error
Error at file 'sio_basic_32k.asm' line 2321: syntax error
Error at file 'sio_basic_32k.asm' line 2426: syntax error
Error at file 'sio_basic_32k.asm' line 2458: syntax error
Error at file 'sio_basic_32k.asm' line 2495: syntax error
Error at file 'sio_basic_32k.asm' line 2537: syntax error
Error at file 'sio_basic_32k.asm' line 2611: syntax error
Error at file 'sio_basic_32k.asm' line 2614: syntax error
Error at file 'sio_basic_32k.asm' line 2737: syntax error
Error at file 'sio_basic_32k.asm' line 2743: syntax error
Error at file 'sio_basic_32k.asm' line 2748: syntax error
Error at file 'sio_basic_32k.asm' line 2845: syntax error
Error at file 'sio_basic_32k.asm' line 2908: syntax error
Error at file 'sio_basic_32k.asm' line 2919: syntax error
Error at file 'sio_basic_32k.asm' line 2921: syntax error
Error at file 'sio_basic_32k.asm' line 2982: syntax error
Error at file 'sio_basic_32k.asm' line 3075: syntax error
Error at file 'sio_basic_32k.asm' line 3336: syntax error
Error at file 'sio_basic_32k.asm' line 3378: syntax error
Error at file 'sio_basic_32k.asm' line 3381: syntax error
Error at file 'sio_basic_32k.asm' line 3431: syntax error
Error at file 'sio_basic_32k.asm' line 3458: syntax error
Error at file 'sio_basic_32k.asm' line 3463: syntax error
Error at file 'sio_basic_32k.asm' line 3470: syntax error
Error at file 'sio_basic_32k.asm' line 3476: syntax error
Error at file 'sio_basic_32k.asm' line 3478: syntax error
Error at file 'sio_basic_32k.asm' line 3480: syntax error
Error at file 'sio_basic_32k.asm' line 3482: syntax error
Error at file 'sio_basic_32k.asm' line 3484: syntax error
Error at file 'sio_basic_32k.asm' line 3557: syntax error
Error at file 'sio_basic_32k.asm' line 3559: syntax error
Error at file 'sio_basic_32k.asm' line 3564: syntax error
Error at file 'sio_basic_32k.asm' line 3566: syntax error
Error at file 'sio_basic_32k.asm' line 3571: syntax error
Error at file 'sio_basic_32k.asm' line 3573: syntax error
Error at file 'sio_basic_32k.asm' line 3590: syntax error
Error at file 'sio_basic_32k.asm' line 3603: syntax error
Error at file 'sio_basic_32k.asm' line 3625: syntax error
Error at file 'sio_basic_32k.asm' line 3636: syntax error
Error at file 'sio_basic_32k.asm' line 3812: syntax error
Error at file 'sio_basic_32k.asm' line 3814: syntax error
Error at file 'sio_basic_32k.asm' line 3815: syntax error
Error at file 'sio_basic_32k.asm' line 3816: syntax error
Error at file 'sio_basic_32k.asm' line 3817: syntax error
Error at file 'sio_basic_32k.asm' line 3847: syntax error
Error at file 'sio_basic_32k.asm' line 3948: syntax error
Error at file 'sio_basic_32k.asm' line 4030: syntax error
Error at file 'sio_basic_32k.asm' line 4445: syntax error
Error at file 'sio_basic_32k.asm' line 4447: syntax error
Error at file 'sio_basic_32k.asm' line 4448: syntax error
Error at file 'sio_basic_32k.asm' line 4449: syntax error
Error at file 'sio_basic_32k.asm' line 4450: syntax error
Error at file 'sio_basic_32k.asm' line 4451: syntax error
Error at file 'sio_basic_32k.asm' line 4452: syntax error
Error at file 'sio_basic_32k.asm' line 4529: syntax error
Error at file 'sio_basic_32k.asm' line 4530: syntax error
Error at file 'sio_basic_32k.asm' line 4531: syntax error
Error at file 'sio_basic_32k.asm' line 4532: syntax error
Error at file 'sio_basic_32k.asm' line 4533: syntax error
Error at file 'sio_basic_32k.asm' line 4534: syntax error
Error at file 'sio_basic_32k.asm' line 4535: syntax error
Error at file 'sio_basic_32k.asm' line 4536: syntax error
Error at file 'sio_basic_32k.asm' line 4537: syntax error
Error at file 'sio_basic_32k.asm' line 4550: syntax error
Error at file 'sio_basic_32k.asm' line 4628: syntax error
Error at file 'sio_basic_32k.asm' line 4629: syntax error
Error at file 'sio_basic_32k.asm' line 4630: syntax error
Error at file 'sio_basic_32k.asm' line 4663: syntax error
Error at file 'sio_basic_32k.asm' line 4665: syntax error
Error at file 'sio_basic_32k.asm' line 4667: syntax error
Error at file 'sio_basic_32k.asm' line 4668: syntax error
Error at file 'sio_basic_32k.asm' line 4669: syntax error
Error at file 'sio_basic_32k.asm' line 4670: syntax error
Error at file 'sio_basic_32k.asm' line 4671: syntax error
Error at file 'sio_basic_32k.asm' line 4672: syntax error
Error at file 'sio_basic_32k.asm' line 4701: syntax error
Error at file 'sio_basic_32k.asm' line 4702: syntax error
Error at file 'sio_basic_32k.asm' line 4703: syntax error
Error at file 'sio_basic_32k.asm' line 4704: syntax error
Error at file 'sio_basic_32k.asm' line 4705: syntax error
Error at file 'sio_basic_32k.asm' line 4706: syntax error
Error at file 'sio_basic_32k.asm' line 4707: syntax error
Error at file 'sio_basic_32k.asm' line 4708: syntax error
Error at file 'sio_basic_32k.asm' line 4709: syntax error
Error at file 'sio_basic_32k.asm' line 4710: syntax error
Error at file 'sio_basic_32k.asm' line 4745: syntax error
Error at file 'sio_basic_32k.asm' line 4793: syntax error
Error at file 'sio_basic_32k.asm' line 4798: syntax error
Error at file 'sio_basic_32k.asm' line 4809: syntax error
Error at file 'sio_basic_32k.asm' line 4816: syntax error
Error at file 'sio_basic_32k.asm' line 4821: syntax error
Error at file 'sio_basic_32k.asm' line 4823: syntax error
Error at file 'sio_basic_32k.asm' line 4831: syntax error
Error at file 'sio_basic_32k.asm' line 4842: syntax error
Error at file 'sio_basic_32k.asm' line 4846: syntax error
Error at file 'sio_basic_32k.asm' line 114: symbol 'SIOA_C' not defined
Error at file 'sio_basic_32k.asm' line 115: symbol 'SIOA_C' not defined
Error at file 'sio_basic_32k.asm' line 119: symbol 'SIOA_D' not defined
Error at file 'sio_basic_32k.asm' line 121: symbol 'serBufUsed' not defined
Error at file 'sio_basic_32k.asm' line 122: symbol 'SER_BUFSIZE' not defined
Error at file 'sio_basic_32k.asm' line 127: symbol 'serInPtr' not defined
Error at file 'sio_basic_32k.asm' line 130: symbol 'serInMask' not defined
Error at file 'sio_basic_32k.asm' line 132: symbol 'serBuf' not defined
Error at file 'sio_basic_32k.asm' line 133: symbol 'serInPtr' not defined
Error at file 'sio_basic_32k.asm' line 136: symbol 'serBufUsed' not defined
Error at file 'sio_basic_32k.asm' line 138: symbol 'serBufUsed' not defined
Error at file 'sio_basic_32k.asm' line 139: symbol 'SER_FULLSIZE' not defined
Error at file 'sio_basic_32k.asm' line 143: symbol 'SIOA_C' not defined
Error at file 'sio_basic_32k.asm' line 144: symbol 'RTS_HIGH' not defined
Error at file 'sio_basic_32k.asm' line 145: symbol 'SIOA_C' not defined
Error at file 'sio_basic_32k.asm' line 150: symbol 'SIOB_C' not defined
Error at file 'sio_basic_32k.asm' line 151: symbol 'SIOB_C' not defined
Error at file 'sio_basic_32k.asm' line 155: symbol 'SIOB_D' not defined
Error at file 'sio_basic_32k.asm' line 157: symbol 'ser2BufUsed' not defined
Error at file 'sio_basic_32k.asm' line 158: symbol 'SER_BUFSIZE' not defined
Error at file 'sio_basic_32k.asm' line 163: symbol 'ser2InPtr' not defined
Error at file 'sio_basic_32k.asm' line 166: symbol 'ser2InMask' not defined
Error at file 'sio_basic_32k.asm' line 168: symbol 'ser2Buf' not defined
Error at file 'sio_basic_32k.asm' line 169: symbol 'ser2InPtr' not defined
Error at file 'sio_basic_32k.asm' line 172: symbol 'ser2BufUsed' not defined
Error at file 'sio_basic_32k.asm' line 174: symbol 'ser2BufUsed' not defined
Error at file 'sio_basic_32k.asm' line 175: symbol 'SER_FULLSIZE' not defined
Error at file 'sio_basic_32k.asm' line 179: symbol 'SIOB_C' not defined
Error at file 'sio_basic_32k.asm' line 180: symbol 'RTS_HIGH' not defined
Error at file 'sio_basic_32k.asm' line 181: symbol 'SIOB_C' not defined
Error at file 'sio_basic_32k.asm' line 192: symbol 'serBufUsed' not defined
Error at file 'sio_basic_32k.asm' line 196: symbol 'serRdPtr' not defined
Error at file 'sio_basic_32k.asm' line 199: symbol 'serInMask' not defined
Error at file 'sio_basic_32k.asm' line 201: symbol 'serBuf' not defined
Error at file 'sio_basic_32k.asm' line 203: symbol 'serRdPtr' not defined
Error at file 'sio_basic_32k.asm' line 204: symbol 'serBufUsed' not defined
Error at file 'sio_basic_32k.asm' line 206: symbol 'serBufUsed' not defined
Error at file 'sio_basic_32k.asm' line 207: symbol 'SER_EMPTYSIZE' not defined
Error at file 'sio_basic_32k.asm' line 211: symbol 'SIOA_C' not defined
Error at file 'sio_basic_32k.asm' line 212: symbol 'RTS_LOW' not defined
Error at file 'sio_basic_32k.asm' line 213: symbol 'SIOA_C' not defined
Error at file 'sio_basic_32k.asm' line 222: symbol 'ser2BufUsed' not defined
Error at file 'sio_basic_32k.asm' line 226: symbol 'ser2RdPtr' not defined
Error at file 'sio_basic_32k.asm' line 229: symbol 'ser2InMask' not defined
Error at file 'sio_basic_32k.asm' line 231: symbol 'ser2Buf' not defined
Error at file 'sio_basic_32k.asm' line 233: symbol 'ser2RdPtr' not defined
Error at file 'sio_basic_32k.asm' line 234: symbol 'ser2BufUsed' not defined
Error at file 'sio_basic_32k.asm' line 236: symbol 'ser2BufUsed' not defined
Error at file 'sio_basic_32k.asm' line 237: symbol 'SER_EMPTYSIZE' not defined
Error at file 'sio_basic_32k.asm' line 241: symbol 'SIOB_C' not defined
Error at file 'sio_basic_32k.asm' line 242: symbol 'RTS_LOW' not defined
Error at file 'sio_basic_32k.asm' line 243: symbol 'SIOB_C' not defined
Error at file 'sio_basic_32k.asm' line 253: symbol 'SIOA_C' not defined
Error at file 'sio_basic_32k.asm' line 254: symbol 'SIOA_C' not defined
Error at file 'sio_basic_32k.asm' line 259: symbol 'SIOA_D' not defined
Error at file 'sio_basic_32k.asm' line 265: symbol 'SIOB_C' not defined
Error at file 'sio_basic_32k.asm' line 266: symbol 'SIOB_C' not defined
Error at file 'sio_basic_32k.asm' line 271: symbol 'SIOB_D' not defined
Error at file 'sio_basic_32k.asm' line 277: symbol 'serBufUsed' not defined
Error at file 'sio_basic_32k.asm' line 298: symbol 'ser2BufUsed' not defined
Error at file 'sio_basic_32k.asm' line 309: symbol 'CTC_PORTB' not defined
Error at file 'sio_basic_32k.asm' line 311: symbol 'CTC_PORTB' not defined
Error at file 'sio_basic_32k.asm' line 316: symbol 'CTC_PORTB' not defined
Error at file 'sio_basic_32k.asm' line 318: symbol 'CTC_PORTB' not defined
Error at file 'sio_basic_32k.asm' line 323: symbol 'CTC_PORTB' not defined
Error at file 'sio_basic_32k.asm' line 325: symbol 'CTC_PORTB' not defined
Error at file 'sio_basic_32k.asm' line 330: symbol 'CTC_PORTB' not defined
Error at file 'sio_basic_32k.asm' line 332: symbol 'CTC_PORTB' not defined
Error at file 'sio_basic_32k.asm' line 336: symbol 'CTC_PORTB' not defined
Error at file 'sio_basic_32k.asm' line 338: symbol 'CTC_PORTB' not defined
Error at file 'sio_basic_32k.asm' line 342: symbol 'TEMPSTACK' not defined
Error at file 'sio_basic_32k.asm' line 348: symbol 'SIOA_C' not defined
Error at file 'sio_basic_32k.asm' line 350: symbol 'SIOA_C' not defined
Error at file 'sio_basic_32k.asm' line 353: symbol 'SIOA_C' not defined
Error at file 'sio_basic_32k.asm' line 355: symbol 'SIOA_C' not defined
Error at file 'sio_basic_32k.asm' line 358: symbol 'SIOA_C' not defined
Error at file 'sio_basic_32k.asm' line 360: symbol 'SIOA_C' not defined
Error at file 'sio_basic_32k.asm' line 363: symbol 'SIOA_C' not defined
Error at file 'sio_basic_32k.asm' line 365: symbol 'SIOA_C' not defined
Error at file 'sio_basic_32k.asm' line 368: symbol 'SIOA_C' not defined
Error at file 'sio_basic_32k.asm' line 369: symbol 'RTS_LOW' not defined
Error at file 'sio_basic_32k.asm' line 370: symbol 'SIOA_C' not defined
Error at file 'sio_basic_32k.asm' line 373: symbol 'SIOB_C' not defined
Error at file 'sio_basic_32k.asm' line 375: symbol 'SIOB_C' not defined
Error at file 'sio_basic_32k.asm' line 378: symbol 'SIOB_C' not defined
Error at file 'sio_basic_32k.asm' line 380: symbol 'SIOB_C' not defined
Error at file 'sio_basic_32k.asm' line 383: symbol 'SIOB_C' not defined
Error at file 'sio_basic_32k.asm' line 385: symbol 'SIOB_C' not defined
Error at file 'sio_basic_32k.asm' line 388: symbol 'SIOB_C' not defined
Error at file 'sio_basic_32k.asm' line 390: symbol 'SIOB_C' not defined
Error at file 'sio_basic_32k.asm' line 393: symbol 'SIOB_C' not defined
Error at file 'sio_basic_32k.asm' line 395: symbol 'SIOB_C' not defined
Error at file 'sio_basic_32k.asm' line 398: symbol 'SIOB_C' not defined
Error at file 'sio_basic_32k.asm' line 399: symbol 'RTS_LOW' not defined
Error at file 'sio_basic_32k.asm' line 400: symbol 'SIOB_C' not defined
Error at file 'sio_basic_32k.asm' line 404: symbol 'CTC_PORTB' not defined
Error at file 'sio_basic_32k.asm' line 406: symbol 'CTC_PORTB' not defined
Error at file 'sio_basic_32k.asm' line 409: symbol 'serBuf' not defined
Error at file 'sio_basic_32k.asm' line 410: symbol 'serInPtr' not defined
Error at file 'sio_basic_32k.asm' line 411: symbol 'serRdPtr' not defined
Error at file 'sio_basic_32k.asm' line 413: symbol 'serBufUsed' not defined
Error at file 'sio_basic_32k.asm' line 416: symbol 'ser2Buf' not defined
Error at file 'sio_basic_32k.asm' line 417: symbol 'ser2InPtr' not defined
Error at file 'sio_basic_32k.asm' line 418: symbol 'ser2RdPtr' not defined
Error at file 'sio_basic_32k.asm' line 420: symbol 'ser2BufUsed' not defined
Error at file 'sio_basic_32k.asm' line 601: symbol 'WRKSPC' not defined
Error at file 'sio_basic_32k.asm' line 607: symbol 'WRKSPC' not defined
Error at file 'sio_basic_32k.asm' line 617: symbol 'BUFFER' not defined
Error at file 'sio_basic_32k.asm' line 618: symbol 'PROGST' not defined
Error at file 'sio_basic_32k.asm' line 619: symbol 'MEMMSG' not defined
Error at file 'sio_basic_32k.asm' line 625: symbol 'STLOOK' not defined
Error at file 'sio_basic_32k.asm' line 652: symbol 'STLOOK' not defined
Error at file 'sio_basic_32k.asm' line 656: symbol 'LSTRAM' not defined
Error at file 'sio_basic_32k.asm' line 658: symbol 'STRSPC' not defined
Error at file 'sio_basic_32k.asm' line 660: symbol 'STRSPC' not defined
Error at file 'sio_basic_32k.asm' line 663: symbol 'PROGST' not defined
Error at file 'sio_basic_32k.asm' line 671: symbol 'SIGNON' not defined
Error at file 'sio_basic_32k.asm' line 675: symbol 'BFREE' not defined
Error at file 'sio_basic_32k.asm' line 678: symbol 'STACK' not defined
Error at file 'sio_basic_32k.asm' line 1001: symbol 'ZFOR' not defined
Error at file 'sio_basic_32k.asm' line 1035: symbol 'ARREND' not defined
Error at file 'sio_basic_32k.asm' line 1051: symbol 'OM' not defined
Error at file 'sio_basic_32k.asm' line 1054: symbol 'DATLIN' not defined
Error at file 'sio_basic_32k.asm' line 1055: symbol 'LINEAT' not defined
Error at file 'sio_basic_32k.asm' line 1056: symbol 'SN' not defined
Error at file 'sio_basic_32k.asm' line 1058: symbol 'DZ' not defined
Error at file 'sio_basic_32k.asm' line 1060: symbol 'NF' not defined
Error at file 'sio_basic_32k.asm' line 1062: symbol 'DD' not defined
Error at file 'sio_basic_32k.asm' line 1064: symbol 'UF' not defined
Error at file 'sio_basic_32k.asm' line 1066: symbol 'OV' not defined
Error at file 'sio_basic_32k.asm' line 1068: symbol 'TM' not defined
Error at file 'sio_basic_32k.asm' line 1071: symbol 'CTLOFG' not defined
Error at file 'sio_basic_32k.asm' line 1073: symbol 'ERRORS' not defined
Error at file 'sio_basic_32k.asm' line 1082: symbol 'ERRMSG' not defined
Error at file 'sio_basic_32k.asm' line 1084: symbol 'LINEAT' not defined
Error at file 'sio_basic_32k.asm' line 1096: symbol 'CTLOFG' not defined
Error at file 'sio_basic_32k.asm' line 1098: symbol 'OKMSG' not defined
Error at file 'sio_basic_32k.asm' line 1101: symbol 'LINEAT' not defined
Error at file 'sio_basic_32k.asm' line 1119: symbol 'LSTBIN' not defined
Error at file 'sio_basic_32k.asm' line 1132: symbol 'PROGND' not defined
Error at file 'sio_basic_32k.asm' line 1141: symbol 'PROGND' not defined
Error at file 'sio_basic_32k.asm' line 1146: symbol 'PROGND' not defined
Error at file 'sio_basic_32k.asm' line 1153: symbol 'PROGND' not defined
Error at file 'sio_basic_32k.asm' line 1163: symbol 'BUFFER' not defined
Error at file 'sio_basic_32k.asm' line 1192: symbol 'BASTXT' not defined
Error at file 'sio_basic_32k.asm' line 1220: symbol 'BASTXT' not defined
Error at file 'sio_basic_32k.asm' line 1226: symbol 'PROGND' not defined
Error at file 'sio_basic_32k.asm' line 1228: symbol 'BASTXT' not defined
Error at file 'sio_basic_32k.asm' line 1231: symbol 'BRKLIN' not defined
Error at file 'sio_basic_32k.asm' line 1232: symbol 'LSTRAM' not defined
Error at file 'sio_basic_32k.asm' line 1233: symbol 'STRBOT' not defined
Error at file 'sio_basic_32k.asm' line 1236: symbol 'PROGND' not defined
Error at file 'sio_basic_32k.asm' line 1237: symbol 'VAREND' not defined
Error at file 'sio_basic_32k.asm' line 1238: symbol 'ARREND' not defined
Error at file 'sio_basic_32k.asm' line 1241: symbol 'STRSPC' not defined
Error at file 'sio_basic_32k.asm' line 1243: symbol 'TMSTPL' not defined
Error at file 'sio_basic_32k.asm' line 1244: symbol 'TMSTPT' not defined
Error at file 'sio_basic_32k.asm' line 1248: symbol 'CONTAD' not defined
Error at file 'sio_basic_32k.asm' line 1249: symbol 'FORFLG' not defined
Error at file 'sio_basic_32k.asm' line 1250: symbol 'FNRGNM' not defined
Error at file 'sio_basic_32k.asm' line 1253: symbol 'BRKLIN' not defined
Error at file 'sio_basic_32k.asm' line 1260: symbol 'RINPUT' not defined
Error at file 'sio_basic_32k.asm' line 1263: symbol 'DATFLG' not defined
Error at file 'sio_basic_32k.asm' line 1265: symbol 'BUFFER' not defined
Error at file 'sio_basic_32k.asm' line 1274: symbol 'DATFLG' not defined
Error at file 'sio_basic_32k.asm' line 1279: symbol 'ZPRINT' not defined
Error at file 'sio_basic_32k.asm' line 1287: symbol 'WORDS' not defined
Error at file 'sio_basic_32k.asm' line 1291: symbol 'ZEND' not defined
Error at file 'sio_basic_32k.asm' line 1319: symbol 'ZGOTO' not defined
Error at file 'sio_basic_32k.asm' line 1347: symbol 'ZDATA' not defined
Error at file 'sio_basic_32k.asm' line 1349: symbol 'DATFLG' not defined
Error at file 'sio_basic_32k.asm' line 1350: symbol 'ZREM' not defined
Error at file 'sio_basic_32k.asm' line 1364: symbol 'BUFFER' not defined
Error at file 'sio_basic_32k.asm' line 1372: symbol 'NULFLG' not defined
Error at file 'sio_basic_32k.asm' line 1375: symbol 'NULFLG' not defined
Error at file 'sio_basic_32k.asm' line 1397: symbol 'BUFFER' not defined
Error at file 'sio_basic_32k.asm' line 1400: symbol 'NULFLG' not defined
Error at file 'sio_basic_32k.asm' line 1403: symbol 'DEL' not defined
Error at file 'sio_basic_32k.asm' line 1405: symbol 'NULFLG' not defined
Error at file 'sio_basic_32k.asm' line 1411: symbol 'NULFLG' not defined
Error at file 'sio_basic_32k.asm' line 1413: symbol 'CTRLG' not defined
Error at file 'sio_basic_32k.asm' line 1415: symbol 'CTRLC' not defined
Error at file 'sio_basic_32k.asm' line 1419: symbol 'CR' not defined
Error at file 'sio_basic_32k.asm' line 1421: symbol 'CTRLU' not defined
Error at file 'sio_basic_32k.asm' line 1427: symbol 'BKSP' not defined
Error at file 'sio_basic_32k.asm' line 1429: symbol 'CTRLR' not defined
Error at file 'sio_basic_32k.asm' line 1436: symbol 'BUFFER' not defined
Error at file 'sio_basic_32k.asm' line 1447: symbol 'CTRLG' not defined
Error at file 'sio_basic_32k.asm' line 1451: symbol 'LSTBIN' not defined
Error at file 'sio_basic_32k.asm' line 1458: symbol 'BKSP' not defined
Error at file 'sio_basic_32k.asm' line 1477: symbol 'CTLOFG' not defined
Error at file 'sio_basic_32k.asm' line 1485: symbol 'LWIDTH' not defined
Error at file 'sio_basic_32k.asm' line 1487: symbol 'CURPOS' not defined
Error at file 'sio_basic_32k.asm' line 1494: symbol 'CURPOS' not defined
Error at file 'sio_basic_32k.asm' line 1502: symbol 'CTRLO' not defined
Error at file 'sio_basic_32k.asm' line 1504: symbol 'CTLOFG' not defined
Error at file 'sio_basic_32k.asm' line 1506: symbol 'CTLOFG' not defined
Error at file 'sio_basic_32k.asm' line 1543: symbol 'ZEND' not defined
Error at file 'sio_basic_32k.asm' line 1545: symbol 'WORDS' not defined
Error at file 'sio_basic_32k.asm' line 1561: symbol 'LINESN' not defined
Error at file 'sio_basic_32k.asm' line 1562: symbol 'LINESC' not defined
Error at file 'sio_basic_32k.asm' line 1568: symbol 'LINESC' not defined
Error at file 'sio_basic_32k.asm' line 1571: symbol 'LINESC' not defined
Error at file 'sio_basic_32k.asm' line 1576: symbol 'LINESN' not defined
Error at file 'sio_basic_32k.asm' line 1577: symbol 'LINESC' not defined
Error at file 'sio_basic_32k.asm' line 1579: symbol 'CTRLC' not defined
Error at file 'sio_basic_32k.asm' line 1584: symbol 'LINESN' not defined
Error at file 'sio_basic_32k.asm' line 1585: symbol 'LINESC' not defined
Error at file 'sio_basic_32k.asm' line 1589: symbol 'FORFLG' not defined
Error at file 'sio_basic_32k.asm' line 1593: symbol 'DATA' not defined
Error at file 'sio_basic_32k.asm' line 1594: symbol 'LOOPST' not defined
Error at file 'sio_basic_32k.asm' line 1609: symbol 'LOOPST' not defined
Error at file 'sio_basic_32k.asm' line 1620: symbol 'LOOPST' not defined
Error at file 'sio_basic_32k.asm' line 1623: symbol 'LINEAT' not defined
Error at file 'sio_basic_32k.asm' line 1625: symbol 'TSTNUM' not defined
Error at file 'sio_basic_32k.asm' line 1638: symbol 'ZSTEP' not defined
Error at file 'sio_basic_32k.asm' line 1652: symbol 'BRKLIN' not defined
Error at file 'sio_basic_32k.asm' line 1654: symbol 'ZFOR' not defined
Error at file 'sio_basic_32k.asm' line 1659: symbol 'BRKLIN' not defined
Error at file 'sio_basic_32k.asm' line 1675: symbol 'LINEAT' not defined
Error at file 'sio_basic_32k.asm' line 1681: symbol 'ZEND' not defined
Error at file 'sio_basic_32k.asm' line 1683: symbol 'ZNEW' not defined
Error at file 'sio_basic_32k.asm' line 1683: symbol 'ZEND' not defined
Error at file 'sio_basic_32k.asm' line 1689: symbol 'WORDTB' not defined
Error at file 'sio_basic_32k.asm' line 1710: symbol 'BASTXT' not defined
Error at file 'sio_basic_32k.asm' line 1721: symbol 'NXTDAT' not defined
Error at file 'sio_basic_32k.asm' line 1731: symbol 'ESC' not defined
Error at file 'sio_basic_32k.asm' line 1732: symbol 'BRK' not defined
Error at file 'sio_basic_32k.asm' line 1733: symbol 'CTRLC' not defined
Error at file 'sio_basic_32k.asm' line 1734: symbol 'BRK' not defined
Error at file 'sio_basic_32k.asm' line 1735: symbol 'CTRLS' not defined
Error at file 'sio_basic_32k.asm' line 1741: symbol 'CTRLQ' not defined
Error at file 'sio_basic_32k.asm' line 1743: symbol 'CTRLC' not defined
Error at file 'sio_basic_32k.asm' line 1748: symbol 'BRKFLG' not defined
Error at file 'sio_basic_32k.asm' line 1754: symbol 'BRKLIN' not defined
Error at file 'sio_basic_32k.asm' line 1758: symbol 'LINEAT' not defined
Error at file 'sio_basic_32k.asm' line 1764: symbol 'ERRLIN' not defined
Error at file 'sio_basic_32k.asm' line 1765: symbol 'BRKLIN' not defined
Error at file 'sio_basic_32k.asm' line 1766: symbol 'CONTAD' not defined
Error at file 'sio_basic_32k.asm' line 1768: symbol 'CTLOFG' not defined
Error at file 'sio_basic_32k.asm' line 1771: symbol 'BRKMSG' not defined
Error at file 'sio_basic_32k.asm' line 1775: symbol 'CONTAD' not defined
Error at file 'sio_basic_32k.asm' line 1778: symbol 'CN' not defined
Error at file 'sio_basic_32k.asm' line 1781: symbol 'ERRLIN' not defined
Error at file 'sio_basic_32k.asm' line 1782: symbol 'LINEAT' not defined
Error at file 'sio_basic_32k.asm' line 1788: symbol 'NULLS' not defined
Error at file 'sio_basic_32k.asm' line 1793: symbol 'CHKSUM' not defined
Error at file 'sio_basic_32k.asm' line 1797: symbol 'CHKSUM' not defined
Error at file 'sio_basic_32k.asm' line 1812: symbol 'FPEXP' not defined
Error at file 'sio_basic_32k.asm' line 1822: symbol 'FC' not defined
Error at file 'sio_basic_32k.asm' line 1854: symbol 'LSTRAM' not defined
Error at file 'sio_basic_32k.asm' line 1874: symbol 'PROGND' not defined
Error at file 'sio_basic_32k.asm' line 1880: symbol 'STRSPC' not defined
Error at file 'sio_basic_32k.asm' line 1882: symbol 'LSTRAM' not defined
Error at file 'sio_basic_32k.asm' line 1896: symbol 'LINEAT' not defined
Error at file 'sio_basic_32k.asm' line 1898: symbol 'ZGOSUB' not defined
Error at file 'sio_basic_32k.asm' line 1906: symbol 'LINEAT' not defined
Error at file 'sio_basic_32k.asm' line 1916: symbol 'UL' not defined
Error at file 'sio_basic_32k.asm' line 1923: symbol 'ZGOSUB' not defined
Error at file 'sio_basic_32k.asm' line 1924: symbol 'RG' not defined
Error at file 'sio_basic_32k.asm' line 1927: symbol 'LINEAT' not defined
Error at file 'sio_basic_32k.asm' line 1932: symbol 'LSTBIN' not defined
Error at file 'sio_basic_32k.asm' line 1960: symbol 'TYPE' not defined
Error at file 'sio_basic_32k.asm' line 1965: symbol 'BRKLIN' not defined
Error at file 'sio_basic_32k.asm' line 1970: symbol 'FPREG' not defined
Error at file 'sio_basic_32k.asm' line 1977: symbol 'BASTXT' not defined
Error at file 'sio_basic_32k.asm' line 1980: symbol 'STRSPC' not defined
Error at file 'sio_basic_32k.asm' line 1984: symbol 'TMPSTR' not defined
Error at file 'sio_basic_32k.asm' line 2007: symbol 'ZGOSUB' not defined
Error at file 'sio_basic_32k.asm' line 2023: symbol 'ZGOTO' not defined
Error at file 'sio_basic_32k.asm' line 2028: symbol 'TSTNUM' not defined
Error at file 'sio_basic_32k.asm' line 2039: symbol 'ZTAB' not defined
Error at file 'sio_basic_32k.asm' line 2041: symbol 'ZSPC' not defined
Error at file 'sio_basic_32k.asm' line 2051: symbol 'TYPE' not defined
Error at file 'sio_basic_32k.asm' line 2057: symbol 'FPREG' not defined
Error at file 'sio_basic_32k.asm' line 2059: symbol 'FPREG' not defined
Error at file 'sio_basic_32k.asm' line 2060: symbol 'LWIDTH' not defined
Error at file 'sio_basic_32k.asm' line 2065: symbol 'CURPOS' not defined
Error at file 'sio_basic_32k.asm' line 2076: symbol 'CURPOS' not defined
Error at file 'sio_basic_32k.asm' line 2082: symbol 'BUFFER' not defined
Error at file 'sio_basic_32k.asm' line 2083: symbol 'CR' not defined
Error at file 'sio_basic_32k.asm' line 2085: symbol 'LF' not defined
Error at file 'sio_basic_32k.asm' line 2088: symbol 'CURPOS' not defined
Error at file 'sio_basic_32k.asm' line 2089: symbol 'NULLS' not defined
Error at file 'sio_basic_32k.asm' line 2098: symbol 'COMMAN' not defined
Error at file 'sio_basic_32k.asm' line 2100: symbol 'CURPOS' not defined
Error at file 'sio_basic_32k.asm' line 2115: symbol 'ZSPC' not defined
Error at file 'sio_basic_32k.asm' line 2118: symbol 'CURPOS' not defined
Error at file 'sio_basic_32k.asm' line 2134: symbol 'READFG' not defined
Error at file 'sio_basic_32k.asm' line 2138: symbol 'REDO' not defined
Error at file 'sio_basic_32k.asm' line 2146: symbol 'CTLOFG' not defined
Error at file 'sio_basic_32k.asm' line 2168: symbol 'NXTDAT' not defined
Error at file 'sio_basic_32k.asm' line 2171: symbol 'READFG' not defined
Error at file 'sio_basic_32k.asm' line 2183: symbol 'READFG' not defined
Error at file 'sio_basic_32k.asm' line 2199: symbol 'TYPE' not defined
Error at file 'sio_basic_32k.asm' line 2207: symbol 'READFG' not defined
Error at file 'sio_basic_32k.asm' line 2236: symbol 'READFG' not defined
Error at file 'sio_basic_32k.asm' line 2242: symbol 'EXTIG' not defined
Error at file 'sio_basic_32k.asm' line 2249: symbol 'DATA' not defined
Error at file 'sio_basic_32k.asm' line 2256: symbol 'OD' not defined
Error at file 'sio_basic_32k.asm' line 2263: symbol 'DATLIN' not defined
Error at file 'sio_basic_32k.asm' line 2266: symbol 'ZDATA' not defined
Error at file 'sio_basic_32k.asm' line 2272: symbol 'BRKLIN' not defined
Error at file 'sio_basic_32k.asm' line 2297: symbol 'LINEAT' not defined
Error at file 'sio_basic_32k.asm' line 2303: symbol 'BRKLIN' not defined
Error at file 'sio_basic_32k.asm' line 2314: symbol 'TYPE' not defined
Error at file 'sio_basic_32k.asm' line 2328: symbol 'NXTOPR' not defined
Error at file 'sio_basic_32k.asm' line 2329: symbol 'NXTOPR' not defined
Error at file 'sio_basic_32k.asm' line 2333: symbol 'TSTNUM' not defined
Error at file 'sio_basic_32k.asm' line 2336: symbol 'ZGTR' not defined
Error at file 'sio_basic_32k.asm' line 2338: symbol 'ZLTH' not defined
Error at file 'sio_basic_32k.asm' line 2338: symbol 'ZGTR' not defined
Error at file 'sio_basic_32k.asm' line 2340: symbol 'ZEQUAL' not defined
Error at file 'sio_basic_32k.asm' line 2340: symbol 'ZGTR' not defined
Error at file 'sio_basic_32k.asm' line 2346: symbol 'CUROPR' not defined
Error at file 'sio_basic_32k.asm' line 2354: symbol 'CUROPR' not defined
Error at file 'sio_basic_32k.asm' line 2355: symbol 'ZPLUS' not defined
Error at file 'sio_basic_32k.asm' line 2357: symbol 'ZOR' not defined
Error at file 'sio_basic_32k.asm' line 2357: symbol 'ZPLUS' not defined
Error at file 'sio_basic_32k.asm' line 2360: symbol 'TYPE' not defined
Error at file 'sio_basic_32k.asm' line 2368: symbol 'PRITAB' not defined
Error at file 'sio_basic_32k.asm' line 2375: symbol 'TSTNUM' not defined
Error at file 'sio_basic_32k.asm' line 2390: symbol 'CUROPR' not defined
Error at file 'sio_basic_32k.asm' line 2394: symbol 'TYPE' not defined
Error at file 'sio_basic_32k.asm' line 2396: symbol 'MO' not defined
Error at file 'sio_basic_32k.asm' line 2405: symbol 'HEXTFP' not defined
Error at file 'sio_basic_32k.asm' line 2408: symbol 'SN' not defined
Error at file 'sio_basic_32k.asm' line 2410: symbol 'ZPLUS' not defined
Error at file 'sio_basic_32k.asm' line 2414: symbol 'ZMINUS' not defined
Error at file 'sio_basic_32k.asm' line 2418: symbol 'ZNOT' not defined
Error at file 'sio_basic_32k.asm' line 2420: symbol 'ZFN' not defined
Error at file 'sio_basic_32k.asm' line 2422: symbol 'ZSGN' not defined
Error at file 'sio_basic_32k.asm' line 2431: symbol 'NXTOPR' not defined
Error at file 'sio_basic_32k.asm' line 2434: symbol 'TSTNUM' not defined
Error at file 'sio_basic_32k.asm' line 2441: symbol 'FPREG' not defined
Error at file 'sio_basic_32k.asm' line 2442: symbol 'TYPE' not defined
Error at file 'sio_basic_32k.asm' line 2454: symbol 'ZLEFT' not defined
Error at file 'sio_basic_32k.asm' line 2454: symbol 'ZSGN' not defined
Error at file 'sio_basic_32k.asm' line 2461: symbol 'FPREG' not defined
Error at file 'sio_basic_32k.asm' line 2474: symbol 'FNCTAB' not defined
Error at file 'sio_basic_32k.asm' line 2483: symbol 'ZMINUS' not defined
Error at file 'sio_basic_32k.asm' line 2490: symbol 'ZPLUS' not defined
Error at file 'sio_basic_32k.asm' line 2498: symbol 'TSTNUM' not defined
Error at file 'sio_basic_32k.asm' line 2525: symbol 'CMPLOG' not defined
Error at file 'sio_basic_32k.asm' line 2526: symbol 'TYPE' not defined
Error at file 'sio_basic_32k.asm' line 2549: symbol 'TYPE' not defined
Error at file 'sio_basic_32k.asm' line 2596: symbol 'TSTNUM' not defined
Error at file 'sio_basic_32k.asm' line 2616: symbol 'LCRFLG' not defined
Error at file 'sio_basic_32k.asm' line 2622: symbol 'TYPE' not defined
Error at file 'sio_basic_32k.asm' line 2635: symbol 'TYPE' not defined
Error at file 'sio_basic_32k.asm' line 2640: symbol 'FORFLG' not defined
Error at file 'sio_basic_32k.asm' line 2649: symbol 'FORFLG' not defined
Error at file 'sio_basic_32k.asm' line 2653: symbol 'FNRGNM' not defined
Error at file 'sio_basic_32k.asm' line 2655: symbol 'FNARG' not defined
Error at file 'sio_basic_32k.asm' line 2657: symbol 'VAREND' not defined
Error at file 'sio_basic_32k.asm' line 2659: symbol 'PROGND' not defined
Error at file 'sio_basic_32k.asm' line 2687: symbol 'ARREND' not defined
Error at file 'sio_basic_32k.asm' line 2694: symbol 'ARREND' not defined
Error at file 'sio_basic_32k.asm' line 2697: symbol 'VAREND' not defined
Error at file 'sio_basic_32k.asm' line 2712: symbol 'FPEXP' not defined
Error at file 'sio_basic_32k.asm' line 2713: symbol 'ZERBYT' not defined
Error at file 'sio_basic_32k.asm' line 2714: symbol 'FPREG' not defined
Error at file 'sio_basic_32k.asm' line 2719: symbol 'LCRFLG' not defined
Error at file 'sio_basic_32k.asm' line 2738: symbol 'NXTOPR' not defined
Error at file 'sio_basic_32k.asm' line 2740: symbol 'LCRFLG' not defined
Error at file 'sio_basic_32k.asm' line 2747: symbol 'VAREND' not defined
Error at file 'sio_basic_32k.asm' line 2751: symbol 'ARREND' not defined
Error at file 'sio_basic_32k.asm' line 2767: symbol 'LCRFLG' not defined
Error at file 'sio_basic_32k.asm' line 2776: symbol 'BS' not defined
Error at file 'sio_basic_32k.asm' line 2790: symbol 'CUROPR' not defined
Error at file 'sio_basic_32k.asm' line 2793: symbol 'LCRFLG' not defined
Error at file 'sio_basic_32k.asm' line 2819: symbol 'ARREND' not defined
Error at file 'sio_basic_32k.asm' line 2827: symbol 'CUROPR' not defined
Error at file 'sio_basic_32k.asm' line 2869: symbol 'NXTOPR' not defined
Error at file 'sio_basic_32k.asm' line 2872: symbol 'ARREND' not defined
Error at file 'sio_basic_32k.asm' line 2876: symbol 'TYPE' not defined
Error at file 'sio_basic_32k.asm' line 2881: symbol 'STRSPC' not defined
Error at file 'sio_basic_32k.asm' line 2883: symbol 'STRBOT' not defined
Error at file 'sio_basic_32k.asm' line 2892: symbol 'TYPE' not defined
Error at file 'sio_basic_32k.asm' line 2897: symbol 'CURPOS' not defined
Error at file 'sio_basic_32k.asm' line 2904: symbol 'DATA' not defined
Error at file 'sio_basic_32k.asm' line 2917: symbol 'TSTNUM' not defined
Error at file 'sio_basic_32k.asm' line 2933: symbol 'TSTNUM' not defined
Error at file 'sio_basic_32k.asm' line 2947: symbol 'FNRGNM' not defined
Error at file 'sio_basic_32k.asm' line 2949: symbol 'FNRGNM' not defined
Error at file 'sio_basic_32k.asm' line 2950: symbol 'FNARG' not defined
Error at file 'sio_basic_32k.asm' line 2952: symbol 'FNARG' not defined
Error at file 'sio_basic_32k.asm' line 2954: symbol 'FNARG' not defined
Error at file 'sio_basic_32k.asm' line 2963: symbol 'FNARG' not defined
Error at file 'sio_basic_32k.asm' line 2965: symbol 'FNARG' not defined
Error at file 'sio_basic_32k.asm' line 2967: symbol 'FNRGNM' not defined
Error at file 'sio_basic_32k.asm' line 2972: symbol 'LINEAT' not defined
Error at file 'sio_basic_32k.asm' line 2978: symbol 'ID' not defined
Error at file 'sio_basic_32k.asm' line 2984: symbol 'FORFLG' not defined
Error at file 'sio_basic_32k.asm' line 2988: symbol 'TSTNUM' not defined
Error at file 'sio_basic_32k.asm' line 2990: symbol 'TSTNUM' not defined
Error at file 'sio_basic_32k.asm' line 3014: symbol 'TMPSTR' not defined
Error at file 'sio_basic_32k.asm' line 3046: symbol 'TMPSTR' not defined
Error at file 'sio_basic_32k.asm' line 3047: symbol 'TMSTPT' not defined
Error at file 'sio_basic_32k.asm' line 3048: symbol 'FPREG' not defined
Error at file 'sio_basic_32k.asm' line 3050: symbol 'TYPE' not defined
Error at file 'sio_basic_32k.asm' line 3053: symbol 'TMSTPT' not defined
Error at file 'sio_basic_32k.asm' line 3057: symbol 'ST' not defined
Error at file 'sio_basic_32k.asm' line 3069: symbol 'CR' not defined
Error at file 'sio_basic_32k.asm' line 3078: symbol 'STRSPC' not defined
Error at file 'sio_basic_32k.asm' line 3080: symbol 'STRBOT' not defined
Error at file 'sio_basic_32k.asm' line 3088: symbol 'STRBOT' not defined
Error at file 'sio_basic_32k.asm' line 3095: symbol 'OS' not defined
Error at file 'sio_basic_32k.asm' line 3101: symbol 'LSTRAM' not defined
Error at file 'sio_basic_32k.asm' line 3102: symbol 'STRBOT' not defined
Error at file 'sio_basic_32k.asm' line 3105: symbol 'STRSPC' not defined
Error at file 'sio_basic_32k.asm' line 3107: symbol 'TMSTPL' not defined
Error at file 'sio_basic_32k.asm' line 3109: symbol 'TMSTPT' not defined
Error at file 'sio_basic_32k.asm' line 3114: symbol 'PROGND' not defined
Error at file 'sio_basic_32k.asm' line 3116: symbol 'VAREND' not defined
Error at file 'sio_basic_32k.asm' line 3129: symbol 'ARREND' not defined
Error at file 'sio_basic_32k.asm' line 3139: symbol 'CUROPR' not defined
Error at file 'sio_basic_32k.asm' line 3147: symbol 'CUROPR' not defined
Error at file 'sio_basic_32k.asm' line 3166: symbol 'STRBOT' not defined
Error at file 'sio_basic_32k.asm' line 3207: symbol 'STRBOT' not defined
Error at file 'sio_basic_32k.asm' line 3220: symbol 'FPREG' not defined
Error at file 'sio_basic_32k.asm' line 3227: symbol 'FPREG' not defined
Error at file 'sio_basic_32k.asm' line 3230: symbol 'LS' not defined
Error at file 'sio_basic_32k.asm' line 3238: symbol 'TMPSTR' not defined
Error at file 'sio_basic_32k.asm' line 3266: symbol 'FPREG' not defined
Error at file 'sio_basic_32k.asm' line 3276: symbol 'STRBOT' not defined
Error at file 'sio_basic_32k.asm' line 3281: symbol 'STRBOT' not defined
Error at file 'sio_basic_32k.asm' line 3285: symbol 'TMSTPT' not defined
Error at file 'sio_basic_32k.asm' line 3294: symbol 'TMSTPT' not defined
Error at file 'sio_basic_32k.asm' line 3302: symbol 'TYPE' not defined
Error at file 'sio_basic_32k.asm' line 3322: symbol 'TMPSTR' not defined
Error at file 'sio_basic_32k.asm' line 3417: symbol 'HEXTFP' not defined
Error at file 'sio_basic_32k.asm' line 3439: symbol 'INPORT' not defined
Error at file 'sio_basic_32k.asm' line 3440: symbol 'INPSUB' not defined
Error at file 'sio_basic_32k.asm' line 3490: symbol 'I7' not defined
Error at file 'sio_basic_32k.asm' line 3500: symbol 'I7' not defined
Error at file 'sio_basic_32k.asm' line 3511: symbol 'I7' not defined
Error at file 'sio_basic_32k.asm' line 3517: symbol 'DISKBUF' not defined
Error at file 'sio_basic_32k.asm' line 3521: symbol 'I0' not defined
Error at file 'sio_basic_32k.asm' line 3535: symbol 'I7' not defined
Error at file 'sio_basic_32k.asm' line 3540: symbol 'DISKBUF' not defined
Error at file 'sio_basic_32k.asm' line 3545: symbol 'I0' not defined
Error at file 'sio_basic_32k.asm' line 3581: symbol 'OUTSUB' not defined
Error at file 'sio_basic_32k.asm' line 3593: symbol 'INPSUB' not defined
Error at file 'sio_basic_32k.asm' line 3600: symbol 'INPORT' not defined
Error at file 'sio_basic_32k.asm' line 3601: symbol 'OTPORT' not defined
Error at file 'sio_basic_32k.asm' line 3631: symbol 'HALF' not defined
Error at file 'sio_basic_32k.asm' line 3643: symbol 'FPEXP' not defined
Error at file 'sio_basic_32k.asm' line 3664: symbol 'FPREG' not defined
Error at file 'sio_basic_32k.asm' line 3707: symbol 'FPEXP' not defined
Error at file 'sio_basic_32k.asm' line 3724: symbol 'FPEXP' not defined
Error at file 'sio_basic_32k.asm' line 3730: symbol 'FPEXP' not defined
Error at file 'sio_basic_32k.asm' line 3765: symbol 'SGNRES' not defined
Error at file 'sio_basic_32k.asm' line 3822: symbol 'FPEXP' not defined
Error at file 'sio_basic_32k.asm' line 3836: symbol 'UNITY' not defined
Error at file 'sio_basic_32k.asm' line 3838: symbol 'LOGTAB' not defined
Error at file 'sio_basic_32k.asm' line 3856: symbol 'MULVAL' not defined
Error at file 'sio_basic_32k.asm' line 3858: symbol 'MULVAL' not defined
Error at file 'sio_basic_32k.asm' line 3867: symbol 'FPREG' not defined
Error at file 'sio_basic_32k.asm' line 3879: symbol 'MULVAL' not defined
Error at file 'sio_basic_32k.asm' line 3883: symbol 'MULVAL' not defined
Error at file 'sio_basic_32k.asm' line 3923: symbol 'DIV3' not defined
Error at file 'sio_basic_32k.asm' line 3926: symbol 'DIV2' not defined
Error at file 'sio_basic_32k.asm' line 3929: symbol 'DIV1' not defined
Error at file 'sio_basic_32k.asm' line 3936: symbol 'DIV4' not defined
Error at file 'sio_basic_32k.asm' line 3940: symbol 'DIVSUP' not defined
Error at file 'sio_basic_32k.asm' line 3944: symbol 'DIV4' not defined
Error at file 'sio_basic_32k.asm' line 3971: symbol 'DIV4' not defined
Error at file 'sio_basic_32k.asm' line 3973: symbol 'DIV4' not defined
Error at file 'sio_basic_32k.asm' line 3979: symbol 'FPEXP' not defined
Error at file 'sio_basic_32k.asm' line 3989: symbol 'FPEXP' not defined
Error at file 'sio_basic_32k.asm' line 4021: symbol 'FPEXP' not defined
Error at file 'sio_basic_32k.asm' line 4026: symbol 'FPEXP' not defined
Error at file 'sio_basic_32k.asm' line 4029: symbol 'FPREG' not defined
Error at file 'sio_basic_32k.asm' line 4041: symbol 'FPEXP' not defined
Error at file 'sio_basic_32k.asm' line 4052: symbol 'FPREG' not defined
Error at file 'sio_basic_32k.asm' line 4059: symbol 'FPREG' not defined
Error at file 'sio_basic_32k.asm' line 4062: symbol 'FPREG' not defined
Error at file 'sio_basic_32k.asm' line 4070: symbol 'FPREG' not defined
Error at file 'sio_basic_32k.asm' line 4073: symbol 'FPREG' not defined
Error at file 'sio_basic_32k.asm' line 4077: symbol 'FPREG' not defined
Error at file 'sio_basic_32k.asm' line 4088: symbol 'FPREG' not defined
Error at file 'sio_basic_32k.asm' line 4098: symbol 'FPREG' not defined
Error at file 'sio_basic_32k.asm' line 4126: symbol 'FPREG' not defined
Error at file 'sio_basic_32k.asm' line 4186: symbol 'FPEXP' not defined
Error at file 'sio_basic_32k.asm' line 4189: symbol 'FPREG' not defined
Error at file 'sio_basic_32k.asm' line 4307: symbol 'INMSG' not defined
Error at file 'sio_basic_32k.asm' line 4316: symbol 'PBUFF' not defined
Error at file 'sio_basic_32k.asm' line 4364: symbol 'POWERS' not defined
Error at file 'sio_basic_32k.asm' line 4459: symbol 'HALF' not defined
Error at file 'sio_basic_32k.asm' line 4489: symbol 'FPREG' not defined
Error at file 'sio_basic_32k.asm' line 4491: symbol 'FPREG' not defined
Error at file 'sio_basic_32k.asm' line 4505: symbol 'FPEXP' not defined
Error at file 'sio_basic_32k.asm' line 4513: symbol 'UNITY' not defined
Error at file 'sio_basic_32k.asm' line 4522: symbol 'EXPTAB' not defined
Error at file 'sio_basic_32k.asm' line 4569: symbol 'SEED' not defined
Error at file 'sio_basic_32k.asm' line 4571: symbol 'LSTRND' not defined
Error at file 'sio_basic_32k.asm' line 4573: symbol 'SEED' not defined
Error at file 'sio_basic_32k.asm' line 4586: symbol 'SEED' not defined
Error at file 'sio_basic_32k.asm' line 4592: symbol 'SEED' not defined
Error at file 'sio_basic_32k.asm' line 4593: symbol 'RNDTAB' not defined
Error at file 'sio_basic_32k.asm' line 4608: symbol 'SEED' not defined
Error at file 'sio_basic_32k.asm' line 4618: symbol 'LSTRND' not defined
Error at file 'sio_basic_32k.asm' line 4632: symbol 'HALFPI' not defined
Error at file 'sio_basic_32k.asm' line 4646: symbol 'QUARTR' not defined
Error at file 'sio_basic_32k.asm' line 4656: symbol 'QUARTR' not defined
Error at file 'sio_basic_32k.asm' line 4660: symbol 'SINTAB' not defined
Error at file 'sio_basic_32k.asm' line 4687: symbol 'FPEXP' not defined
Error at file 'sio_basic_32k.asm' line 4696: symbol 'ATNTAB' not defined
Error at file 'sio_basic_32k.asm' line 4698: symbol 'HALFPI' not defined
Error at file 'sio_basic_32k.asm' line 4719: symbol 'CS' not defined
Error at file 'sio_basic_32k.asm' line 4724: symbol 'LWIDTH' not defined
Error at file 'sio_basic_32k.asm' line 4729: symbol 'LINESC' not defined
Error at file 'sio_basic_32k.asm' line 4730: symbol 'LINESN' not defined
Error at file 'sio_basic_32k.asm' line 4758: symbol 'TSTNUM' not defined
Error at file 'sio_basic_32k.asm' line 4761: symbol 'PBUFF' not defined
Error at file 'sio_basic_32k.asm' line 4765: symbol 'BYT2ASC' not defined
Error at file 'sio_basic_32k.asm' line 4774: symbol 'BYT2ASC' not defined
Error at file 'sio_basic_32k.asm' line 4790: symbol 'PBUFF' not defined
Error at file 'sio_basic_32k.asm' line 4796: symbol 'ADD30' not defined
Error at file 'sio_basic_32k.asm' line 4807: symbol 'ADD301' not defined
Error at file 'sio_basic_32k.asm' line 4818: symbol 'GETHEX' not defined
Error at file 'sio_basic_32k.asm' line 4820: symbol 'HEXLP1' not defined
Error at file 'sio_basic_32k.asm' line 4822: symbol 'HEXIT' not defined
Error at file 'sio_basic_32k.asm' line 4829: symbol 'HEXLP' not defined
Error at file 'sio_basic_32k.asm' line 4834: symbol 'GETHEX' not defined
Error at file 'sio_basic_32k.asm' line 4838: symbol 'NOSUB7' not defined
Error at file 'sio_basic_32k.asm' line 4854: symbol 'HX' not defined
Error at file 'sio_basic_32k.asm' line 4858: symbol 'TSTNUM' not defined
Error at file 'sio_basic_32k.asm' line 4861: symbol 'PBUFF' not defined
Error at file 'sio_basic_32k.asm' line 4887: symbol 'PBUFF' not defined
Error at file 'sio_basic_32k.asm' line 4921: symbol 'BN' not defined
Error at file 'sio_basic_32k.asm' line 4938: symbol 'BRKFLG' not defined
